Note that the current default version of RStudio is 1.1.453.
Loading required package: reshape
Loading required package: lubridate

Attaching package: ‘lubridate’

The following object is masked from ‘package:reshape’:

    stamp

The following object is masked from ‘package:base’:

    date

Loading required package: data.table

Attaching package: ‘data.table’

The following objects are masked from ‘package:lubridate’:

    hour, isoweek, mday, minute, month, quarter, second, wday, week,
    yday, year

The following object is masked from ‘package:reshape’:

    melt

Loading required package: plyr

Attaching package: ‘plyr’

The following object is masked from ‘package:lubridate’:

    here

The following objects are masked from ‘package:reshape’:

    rename, round_any

Loading required package: zoo

Attaching package: ‘zoo’

The following objects are masked from ‘package:base’:

    as.Date, as.Date.numeric

Loading required package: bit64
Loading required package: bit
Attaching package bit
package:bit (c) 2008-2012 Jens Oehlschlaegel (GPL-2)
creators: bit bitwhich
coercion: as.logical as.integer as.bit as.bitwhich which
operator: ! & | xor != ==
querying: print length any all min max range sum summary
bit access: length<- [ [<- [[ [[<-
for more help type ?bit

Attaching package: ‘bit’

The following object is masked from ‘package:data.table’:

    setattr

The following object is masked from ‘package:base’:

    xor

Attaching package bit64
package:bit64 (c) 2011-2012 Jens Oehlschlaegel
creators: integer64 seq :
coercion: as.integer64 as.vector as.logical as.integer as.double as.character as.bin
logical operator: ! & | xor != == < <= >= >
arithmetic operator: + - * / %/% %% ^
math: sign abs sqrt log log2 log10
math: floor ceiling trunc round
querying: is.integer64 is.vector [is.atomic} [length] format print str
values: is.na is.nan is.finite is.infinite
aggregation: any all min max range sum prod
cumulation: diff cummin cummax cumsum cumprod
access: length<- [ [<- [[ [[<-
combine: c rep cbind rbind as.data.frame
WARNING don't use as subscripts
WARNING semantics differ from integer
for more help type ?bit64

Attaching package: ‘bit64’

The following object is masked from ‘package:bit’:

    still.identical

The following objects are masked from ‘package:base’:

    :, %in%, is.double, match, order, rank

Loading required package: ggplot2
Loading required package: xtable
Loading required package: foreign
Loading required package: dplyr

Attaching package: ‘dplyr’

The following objects are masked from ‘package:plyr’:

    arrange, count, desc, failwith, id, mutate, rename, summarise,
    summarize

The following objects are masked from ‘package:data.table’:

    between, first, last

The following objects are masked from ‘package:lubridate’:

    intersect, setdiff, union

The following object is masked from ‘package:reshape’:

    rename

The following objects are masked from ‘package:stats’:

    filter, lag

The following objects are masked from ‘package:base’:

    intersect, setdiff, setequal, union

Loading required package: foreach
Loading required package: doParallel
Loading required package: iterators
Loading required package: parallel
Loading required package: readstata13
Loading required package: stringr
Loading required package: plm
Loading required package: Formula

Attaching package: ‘plm’

The following objects are masked from ‘package:dplyr’:

    between, lag, lead

The following object is masked from ‘package:data.table’:

    between

Loading required package: blsAPI
Loading required package: rjson
NationalTV, year 2010 Completed
NationalTV, year 2011 Completed
NationalTV, year 2012 Completed
NationalTV, year 2013 Completed
NationalTV, year 2014 Completed
NationalTV, year 2015 Completed
SpotTV, year 2010 Completed
SpotTV, year 2011 Completed
SpotTV, year 2012 Completed
SpotTV, year 2013 Completed
SpotTV, year 2014 Completed
SpotTV, year 2015 Completed
Magazine, year 2010 Completed
Magazine, year 2011 Completed
Magazine, year 2012 Completed
Magazine, year 2013 Completed
Magazine, year 2014 Completed
Magazine, year 2015 Completed
FSI, year 2010 Completed
FSI, year 2011 Completed
FSI, year 2012 Completed
FSI, year 2013 Completed
FSI, year 2014 Completed
FSI, year 2015 Completed
Newspaper, year 2010 Completed
Newspaper, year 2011 Completed
Newspaper, year 2012 Completed
Newspaper, year 2014 Completed
Newspaper, year 2013 Completed
Newspaper, year 2015 Completed
Radio, year 2010 Completed
Radio, year 2011 Completed
Radio, year 2012 Completed
Radio, year 2013 Completed
Radio, year 2014 Completed
Radio, year 2015 Completed
Outdoor, year 2010 Completed
Outdoor, year 2011 Completed
Outdoor, year 2012 Completed
Outdoor, year 2013 Completed
Outdoor, year 2014 Completed
Outdoor, year 2015 Completed
Error in paste0(year, "/Occurrences/Internet.tsv") : 
  cannot coerce type 'closure' to vector of type 'character'
Execution halted
