[[1]]
[1] TRUE

[[2]]
[1] TRUE

[[3]]
[1] TRUE

[[4]]
[1] TRUE

[[5]]
[1] TRUE

[[6]]
[1] TRUE

[[7]]
[1] TRUE

[[8]]
[1] TRUE

[[9]]
[1] TRUE

[[10]]
[1] TRUE

[[11]]
[1] TRUE

[[12]]
[1] TRUE

[[13]]
[1] TRUE

[[14]]
[1] TRUE

[[15]]
[1] TRUE

[[16]]
[1] TRUE

[[17]]
[1] TRUE

[[1]]
[1] TRUE

[[2]]
[1] TRUE

[[3]]
[1] TRUE

[[4]]
[1] TRUE

[[5]]
[1] TRUE

[[6]]
[1] TRUE

[[7]]
[1] TRUE

[[8]]
[1] TRUE

[[9]]
[1] TRUE

[[10]]
[1] TRUE

[[11]]
[1] TRUE

[[12]]
[1] TRUE

[[13]]
[1] TRUE

[[14]]
[1] TRUE

[[15]]
[1] TRUE

[[16]]
[1] TRUE

[[17]]
[1] TRUE

